Validating found git in: git
Using git 2.33.1 from git
> git rev-parse --git-dir
Open repository: /home/nik/workspace/OOP_C
> git status -z -u
> git check-ignore -v -z --stdin
> git symbolic-ref --short HEAD
> git for-each-ref --format=%(refname)%00%(upstream:short)%00%(objectname)%00%(upstream:track) refs/heads/master refs/remotes/master
> git for-each-ref --sort -committerdate --format %(refname) %(objectname) %(*objectname)
> git remote --verbose
> git config --get commit.template
> git show --textconv :OOP C++/Lesson81.cpp
> git ls-files --stage -- /home/nik/workspace/OOP_C/OOP C++/Lesson81.cpp
> git cat-file -s ac8dc574a6da15318c1c811ef5361b55d6a8c4a6
> git show --textconv :OOP C++/Lesson82.cpp
> git ls-files --stage -- /home/nik/workspace/OOP_C/OOP C++/Lesson82.cpp
> git cat-file -s 8b29851bd517d4794cd408ae8953e92414a86c1c
> git show --textconv :OOP C++/Lesson83.cpp
> git ls-files --stage -- /home/nik/workspace/OOP_C/OOP C++/Lesson83.cpp
> git cat-file -s 65ca9fa56e2fd6194d9ff02010373c5a71dd51c1
> git show --textconv :OOP C++/Lesson84.cpp
> git ls-files --stage -- /home/nik/workspace/OOP_C/OOP C++/Lesson84.cpp
> git cat-file -s 742b2fa0d66c772a9f39db9e3f3fcd403a67bab6
> git status -z -u
> git symbolic-ref --short HEAD
> git for-each-ref --format=%(refname)%00%(upstream:short)%00%(objectname)%00%(upstream:track) refs/heads/master refs/remotes/master
> git for-each-ref --sort -committerdate --format %(refname) %(objectname) %(*objectname)
> git remote --verbose
> git config --get commit.template
> git show --textconv :OOP C++/Lesson83.h
> git ls-files --stage -- /home/nik/workspace/OOP_C/OOP C++/Lesson83.h
> git cat-file -s 48ab1c1eafee25a3b0ca3bd0e33673ba16201c82
> git show --textconv :OOP C++/Lesson81.cpp
> git ls-files --stage -- /home/nik/workspace/OOP_C/OOP C++/Lesson81.cpp
> git cat-file -s ac8dc574a6da15318c1c811ef5361b55d6a8c4a6
> git show --textconv :OOP C++/lESSON80.h
> git ls-files --stage -- /home/nik/workspace/OOP_C/OOP C++/lESSON80.h
> git cat-file -s db24993ddc7d34404c197f879a7bb9b093d62ed2
> git show --textconv :OOP C++/lESSON80.cpp
> git ls-files --stage -- /home/nik/workspace/OOP_C/OOP C++/lESSON80.cpp
> git cat-file -s 4a99e2115735577d0e3ce46eb3af41ba1d73828b
> git show --textconv :OOP C++/lesson77.h
> git ls-files --stage -- /home/nik/workspace/OOP_C/OOP C++/lesson77.h
> git cat-file -s fe598c19bf7b2cb0bf8ae74e8b37bd47ae0405f5
> git show --textconv :OOP C++/lesson77.cpp
> git ls-files --stage -- /home/nik/workspace/OOP_C/OOP C++/lesson77.cpp
> git cat-file -s e4e684a85703c47d06b45bf8e1e5740b5100fdce
> git show --textconv :OOP C++/Lesson78.cpp
> git ls-files --stage -- /home/nik/workspace/OOP_C/OOP C++/Lesson78.cpp
> git cat-file -s 67d34e698d30a233b914cd6e874029ee7a7cda6f
> git show --textconv :OOP C++/Lesson79.cpp
> git ls-files --stage -- /home/nik/workspace/OOP_C/OOP C++/Lesson79.cpp
> git cat-file -s 15bf69116d23d423b18e4737d80dabe0ad6a635f
> git show --textconv :OOP C++/Lesson79.h
> git ls-files --stage -- /home/nik/workspace/OOP_C/OOP C++/Lesson79.h
> git cat-file -s 47b9c53079762c9615fbf6fe881df7e68dadebf2
> git show --textconv :OOP C++/lESSON80.cpp
> git ls-files --stage -- /home/nik/workspace/OOP_C/OOP C++/lESSON80.cpp
> git cat-file -s 4a99e2115735577d0e3ce46eb3af41ba1d73828b
> git show --textconv :OOP C++/lESSON80.h
> git ls-files --stage -- /home/nik/workspace/OOP_C/OOP C++/lESSON80.h
> git cat-file -s db24993ddc7d34404c197f879a7bb9b093d62ed2
> git show --textconv :OOP C++/Lesson81.h
> git ls-files --stage -- /home/nik/workspace/OOP_C/OOP C++/Lesson81.h
> git cat-file -s 4664e566368616e5d24d3f5fafaa001be6aeecd7
> git show --textconv :OOP C++/Lesson81.cpp
> git ls-files --stage -- /home/nik/workspace/OOP_C/OOP C++/Lesson81.cpp
> git cat-file -s ac8dc574a6da15318c1c811ef5361b55d6a8c4a6
> git show --textconv :OOP C++/Lesson86.h
> git ls-files --stage -- /home/nik/workspace/OOP_C/OOP C++/Lesson86.h
> git show --textconv :OOP C++/Lesson86.cpp
> git ls-files --stage -- /home/nik/workspace/OOP_C/OOP C++/Lesson86.cpp
> git show --textconv :OOP C++/Lesson86.h
> git ls-files --stage -- /home/nik/workspace/OOP_C/OOP C++/Lesson86.h
